UH4c?m
H4c!
h4c9/4f
h4C,^
h4c?
N^vpH4C
JwH4C9
jH4C
h4Cf
PH4cx
y\H4C
xH4c
kH4Cj<d7
^h4c
*h4c#?@
OH4c
H4c,E
H4Ca
H4c"
5H4C
h4CY\
h4C+
H4c4
Nh4C0_
5H4C
5H4C
Mu&h4C
wH4c
H4ch>
	h4cJ
1h4C
MQH4C
oH4Ca
-h4c
<h4C
H4c%
=H4C
H4CG
*IH4cS
AH4ch
Bh4CT
Bh4CT
TXH4c
AH4c*:
8h4c
H4C"Q
H4CYJYb
C?h4c
H4C]
`nH4cJ
sH4c
HH4C
-H<H4ce	d
PH4cN
EzH4c
%h4c
{h4c
h4CO
h4C+
H4C2!|%
h4C~'N
H4CpDc*
h4c`x
H4c,
GH4c 
h4cV
h4c%
`h4C
\h4Ceg
h4c6W
H4c7
{H4C
H4c{LI
uH4C~w
%h4C
H4C`s
h4c[8
Rh4Ce
s#H4c
_yH4c
 h4C
dIIZH4C
h4cyvGN
H4cB
4H4CB_!
4H4CB_!
h4cK
"*H4c
h4C,
qh4CPn
h4c-Y
mZH4C
H4c?
oH4C
h4c(
H4Cs/
h4C6|R
}H4C
`H4cb
LaH4C8
h4C7
hKh4C
zH4cV
Ah4C
Fh4c< 
bh4c
H4cP\
eH4c
h4cn
z$h4Ci
'~|vh4c
lH4C
&H4c
`h4c
&H4C
Yh4C+
0{H4c
H4C<
*H4cb
&h4c
h4c5
-eH4c
0h4c-
lxh4c
dh4C
PH4cN
H4C8
h4C\
<H4cB3"
Hoh4C7
dh4c
jH4cb
<&h4cm
L{H4c
h4cU
h4C`
H4cx
~ah4C
]h4C
H4cqB
H4c8
Hoh4C(r
hnH4c
dh4c
7H4c
h4C9%G
H4cI
3h4cl
+08h4C
OpH4C
H4c"
H4CB
h=h4c[@#
mBLH4C2!
[H4c(
KH4C
h4CJB
h4ch,
mJ>H4c
H4CK
h4C$j
6H4C
uh4cP
h4C0
bh4c
h4C6z
S*H4c
H4c`
A^H4c
H4cX=
YH4C
xh4cv
SH4C
H4C 
ah4c^
rh4C
Sh4c;
h4CqgG.y\
}h4Cp
H4c@
"h4C
h4c"
T2h4C
HH4C"
(9h4C
 J;h4c
xh4cc2}\9
pH4C
A!H4c
ZTYh4c
h4C,
ah4C
h4c]3
H4chNK
H4cBh6
Yh4C
T7H4cb#
#h4C>p
h4C^h
Bh4C!4
fBH4CO
^,ih4c
|h4C
H4cz
H4CP
VH4C
h4C|
H4c"
EH4C
yh4c|
\5H4cd
$h4C
(WH4C!B
v-LuH4C
H4CTS
zH4cX
H4Cq
fH4c
#KH4C
.fwh4c
H4CVW;%Z
H4Cr
H4cg2
h4c,
nh4cH
H4c3
{h4c
ph4C
%h4c{
jh4CMZ4
h4cbL3g
H4c9
H4c4
H4c?
H4cZw
e7h4c
Sh4cz
H4Cvg@
gH4Cb
~Lh4C1V
oH4cT
qH4c`
aH4c
mh4Cd9L
h4Caa
}H4C)
H4C^
gMH4C
'cH4C
ih4C
h4CT;
h4cq
.h4c
h4ch
pH4cL
*hh4cGt
h4c?
pH4CN
fh4C
Hu`h4c
H4cS
[h4cY
u^UH4C
H4c7
h4c)x
 lH4c
k#h4C
h4CC
eh4c
H4c/wnYFffr
H4c9
H4cBL^
fH4cbIS
~h4C
'h4c
Jh4c
H4C[
UP-H4c
ZH4C
h4C]KC
GH4CH
`h4C=
.h4c
^h4C]
Ch4C
h4CA0
H4cR
^H4cN
lh4CO
h4C\
<H4c
I~yh4C!
h4cG
iH4c
ZH4C"
LjH4c
f4H4c!"
h4cqG
	&H4CR5$
nh4cw
sh4C_C7
,H4Cb
h4c~Z
xh4C
alH4cKb
2h4c2
h4cA3
H4c$
h4C1
H4cAw
,H4c@
H4c@
h4CHE
H4C]jB
.Ah4cY*4Z
0h4c
H4Cs
4H4c
/h4c
F4,hh4c
bH4C
W$h4c
h4Ci!
VH4Cu
T]h4c3
:)}h4c4
H4Cg
+JH4CV
/H4c
h4Cl
s-h4C
u}ZH4C
h4CO
kf+h4cW
h4c4
#h4ca
Z#h4c
<h4C
'h4C
H4cO+
bh4c
h4C5y
h4C:I\
4h4C%X
P=h4c
H4Cg
H4cEE
H4c'
H4C{
LH4C
llH4cA~
H#<H4C
\2h4c
fH4C
H4cjDnC
pH4c
H4Cg_
qh4c
G[H4c
C]H4C"k	?,
*ETh4c
UQH4c
g>h4c
h4cB
Th4C
NUp$@h4CZc
yh4c
%*H4C !
^H4C(
}3h4C
H4ca
,h4C
h4Cxf
h4c+
H4CC
9Uh4cv
h4C{
innH4cH"}
@H4C
H4c*
h4cq
H4cfv
h4Ch<$o
H4C	A
j`h4CC
h4Ce
3h4C
QH4c3>
vPH4c
AH4C
h4CB8
#h4c
T~xh4C|
{H4C
6yKUH4c
H4Cu?
h4CC
h4CX
.h4c
h4c|--
zh4Cvj
H4CZ
jH4c
-Eh4CNr
h4CG
H4cPB
h4ct
c=h4c
H4ct
.H4c
H4C1
H4ca0"
,kh4cwF'K!
.9~MGh4C
h4C)
Uh4C+
h4c)\
th4cxB
`H4CSY
h4cib
F5T+CJh4C3X
*Ph4ct
|@|H4C!
H4C}_
h4c3
H4Cl
>XH4C
;h4C
H4C$W
H4c*uku
TTh4C5
JH4c
yH4c
%H4C
CSH4c
H4CfU
H4Cg
H4Ci@L@
irh4C
bH4c
h4CC
h4c%
]H4C
h4c]
H4cpS
BH4C
8g`h4C
=H4C
H4co[
h4c>N
H4c-k
h4Ca
08Oh4CT
}Yzh4C
H4c'B
H4C)M
=zH4C
Y{h4C!
tFh4c
L<H4C
J;h4c]
c#[h4C
h4Cv
H4C3
?h4C>
h4c%
h4c"Ne
&kH4cR0T
kh4C
ph4c5l=x4
1H4C
H4C>
h4c[T
F%h4c
^CH4C
|H4C#
lz9h4C'
h4Ce
5h4C
H4cEE
%H4C
-h4C
sH4C
B@h4C
H4C4G
H4CxK
h4C$nol
1h4c
word/media/h4c.pptx
gH4c
mh4C
4h4C%X
P=h4c
H4Cg
H4cEE
h4cd
U;H4cH
Dh4CX
vH,,H4C
Wh4C
MH4ctXD#
H4C-
Qh4C
h4C=
tbh4cE|
}h4c]W
^h4c
h4cP
sh4C2jP
zH4C
%xh4C$
Dh4CX
h4cPr)
